Traceback (most recent call last):
  File "/home/yandex/APDL2526a/sapirtalmi/mellow_apdl_project/train.py", line 64, in <module>
    exit(main())
  File "/home/yandex/APDL2526a/sapirtalmi/mellow_apdl_project/train.py", line 30, in main
    with distributed_ctx:
  File "/home/yandex/APDL2526a/sapirtalmi/mellow_apdl_project/distributed/__init__.py", line 14, in __enter__
    self.initialize()
  File "/home/yandex/APDL2526a/sapirtalmi/mellow_apdl_project/distributed/torch.py", line 116, in initialize
    torch.distributed.init_process_group(self._backend)
  File "/home/yandex/APDL2526a/sapirtalmi/mellow_env/lib/python3.10/site-packages/torch/distributed/c10d_logger.py", line 74, in wrapper
    func_return = func(*args, **kwargs)
  File "/home/yandex/APDL2526a/sapirtalmi/mellow_env/lib/python3.10/site-packages/torch/distributed/distributed_c10d.py", line 1141, in init_process_group
    store, rank, world_size = next(rendezvous_iterator)
  File "/home/yandex/APDL2526a/sapirtalmi/mellow_env/lib/python3.10/site-packages/torch/distributed/rendezvous.py", line 236, in _env_rendezvous_handler
    world_size = int(_get_env_or_raise("WORLD_SIZE"))
  File "/home/yandex/APDL2526a/sapirtalmi/mellow_env/lib/python3.10/site-packages/torch/distributed/rendezvous.py", line 216, in _get_env_or_raise
    raise _env_error(env_var)
ValueError: Error initializing torch.distributed using env:// rendezvous: environment variable WORLD_SIZE expected, but not set
srun: error: s-006: task 0: Exited with exit code 1
slurmstepd: error: _cgroup_procs_check: failed on path (null)/cgroup.procs: No such file or directory
slurmstepd: error: Cannot write to cgroup.procs for (null)
slurmstepd: error: Unable to move pid 1027923 to init root cgroup (null)
